Determining if files pthread.h exist passed with the following output:
Change Dir: /home/atanasoa/git/ascodt-nightly/examples/CouplingLBNS/build/CMakeFiles/CMakeTmp

Run Build Command:/usr/bin/make "cmTryCompileExec2912141987/fast"
/usr/bin/make -f CMakeFiles/cmTryCompileExec2912141987.dir/build.make CMakeFiles/cmTryCompileExec2912141987.dir/build
make[1]: Entering directory `/home/atanasoa/git/ascodt-nightly/examples/CouplingLBNS/build/CMakeFiles/CMakeTmp'
/usr/bin/cmake -E cmake_progress_report /home/atanasoa/git/ascodt-nightly/examples/CouplingLBNS/build/CMakeFiles/CMakeTmp/CMakeFiles 1
Building C object CMakeFiles/cmTryCompileExec2912141987.dir/CheckIncludeFiles.c.o
/usr/bin/cc    -o CMakeFiles/cmTryCompileExec2912141987.dir/CheckIncludeFiles.c.o   -c /home/atanasoa/git/ascodt-nightly/examples/CouplingLBNS/build/CMakeFiles/CMakeTmp/CheckIncludeFiles.c
Linking C executable cmTryCompileExec2912141987
/usr/bin/cmake -E cmake_link_script CMakeFiles/cmTryCompileExec2912141987.dir/link.txt --verbose=1
/usr/bin/cc         CMakeFiles/cmTryCompileExec2912141987.dir/CheckIncludeFiles.c.o  -o cmTryCompileExec2912141987 -rdynamic 
make[1]: Leaving directory `/home/atanasoa/git/ascodt-nightly/examples/CouplingLBNS/build/CMakeFiles/CMakeTmp'


Determining if the function pthread_create exists in the pthread passed with the following output:
Change Dir: /home/atanasoa/git/ascodt-nightly/examples/CouplingLBNS/build/CMakeFiles/CMakeTmp

Run Build Command:/usr/bin/make "cmTryCompileExec2899066677/fast"
/usr/bin/make -f CMakeFiles/cmTryCompileExec2899066677.dir/build.make CMakeFiles/cmTryCompileExec2899066677.dir/build
make[1]: Entering directory `/home/atanasoa/git/ascodt-nightly/examples/CouplingLBNS/build/CMakeFiles/CMakeTmp'
/usr/bin/cmake -E cmake_progress_report /home/atanasoa/git/ascodt-nightly/examples/CouplingLBNS/build/CMakeFiles/CMakeTmp/CMakeFiles 1
Building C object CMakeFiles/cmTryCompileExec2899066677.dir/CheckFunctionExists.c.o
/usr/bin/cc   -DCHECK_FUNCTION_EXISTS=pthread_create   -o CMakeFiles/cmTryCompileExec2899066677.dir/CheckFunctionExists.c.o   -c /usr/share/cmake-2.8/Modules/CheckFunctionExists.c
Linking C executable cmTryCompileExec2899066677
/usr/bin/cmake -E cmake_link_script CMakeFiles/cmTryCompileExec2899066677.dir/link.txt --verbose=1
/usr/bin/cc     -DCHECK_FUNCTION_EXISTS=pthread_create    CMakeFiles/cmTryCompileExec2899066677.dir/CheckFunctionExists.c.o  -o cmTryCompileExec2899066677 -rdynamic -lpthread 
make[1]: Leaving directory `/home/atanasoa/git/ascodt-nightly/examples/CouplingLBNS/build/CMakeFiles/CMakeTmp'


