[2014.04.02][13:22:10][Error][de.tum.ascodt.plugin.utils.ProcessExitDetector.run(ProcessExitDetector.java:54)]: null
java.lang.InterruptedException
	at java.lang.Object.wait(Native Method)
	at java.lang.Object.wait(Object.java:503)
	at java.lang.UNIXProcess.waitFor(UNIXProcess.java:210)
	at de.tum.ascodt.plugin.utils.ProcessExitDetector.run(ProcessExitDetector.java:51)
	at java.util.concurrent.ThreadPoolExecutor.runWorker(ThreadPoolExecutor.java:1145)
	at java.util.concurrent.ThreadPoolExecutor$Worker.run(ThreadPoolExecutor.java:615)
	at java.lang.Thread.run(Thread.java:724)
[2014.04.02][13:29:44][Error][de.tum.ascodt.plugin.utils.ProcessExitDetector.run(ProcessExitDetector.java:54)]: null
java.lang.InterruptedException
	at java.lang.Object.wait(Native Method)
	at java.lang.Object.wait(Object.java:503)
	at java.lang.UNIXProcess.waitFor(UNIXProcess.java:210)
	at de.tum.ascodt.plugin.utils.ProcessExitDetector.run(ProcessExitDetector.java:51)
	at java.util.concurrent.ThreadPoolExecutor.runWorker(ThreadPoolExecutor.java:1145)
	at java.util.concurrent.ThreadPoolExecutor$Worker.run(ThreadPoolExecutor.java:615)
	at java.lang.Thread.run(Thread.java:724)
[2014.04.02][13:29:44][Error][de.tum.ascodt.plugin.ui.tabs.ProgramArgsTab$3.run(ProgramArgsTab.java:252)]: Stream closed
java.io.IOException: Stream closed
	at java.io.BufferedInputStream.getBufIfOpen(BufferedInputStream.java:162)
	at java.io.BufferedInputStream.read(BufferedInputStream.java:325)
	at sun.nio.cs.StreamDecoder.readBytes(StreamDecoder.java:283)
	at sun.nio.cs.StreamDecoder.implRead(StreamDecoder.java:325)
	at sun.nio.cs.StreamDecoder.read(StreamDecoder.java:177)
	at java.io.InputStreamReader.read(InputStreamReader.java:184)
	at java.io.BufferedReader.fill(BufferedReader.java:154)
	at java.io.BufferedReader.readLine(BufferedReader.java:317)
	at java.io.BufferedReader.readLine(BufferedReader.java:382)
	at de.tum.ascodt.plugin.ui.tabs.ProgramArgsTab$3.run(ProgramArgsTab.java:247)
	at java.util.concurrent.ThreadPoolExecutor.runWorker(ThreadPoolExecutor.java:1145)
	at java.util.concurrent.ThreadPoolExecutor$Worker.run(ThreadPoolExecutor.java:615)
	at java.lang.Thread.run(Thread.java:724)
[2014.04.02][13:36:48][Error][de.tum.ascodt.plugin.utils.ProcessExitDetector.run(ProcessExitDetector.java:54)]: null
java.lang.InterruptedException
	at java.lang.Object.wait(Native Method)
	at java.lang.Object.wait(Object.java:503)
	at java.lang.UNIXProcess.waitFor(UNIXProcess.java:210)
	at de.tum.ascodt.plugin.utils.ProcessExitDetector.run(ProcessExitDetector.java:51)
	at java.util.concurrent.ThreadPoolExecutor.runWorker(ThreadPoolExecutor.java:1145)
	at java.util.concurrent.ThreadPoolExecutor$Worker.run(ThreadPoolExecutor.java:615)
	at java.lang.Thread.run(Thread.java:724)
[2014.04.02][13:47:49][Error][de.tum.ascodt.plugin.ui.tabs.ProgramArgsTab$3.run(ProgramArgsTab.java:252)]: Stream closed
java.io.IOException: Stream closed
	at java.io.BufferedInputStream.getBufIfOpen(BufferedInputStream.java:162)
	at java.io.BufferedInputStream.read1(BufferedInputStream.java:272)
	at java.io.BufferedInputStream.read(BufferedInputStream.java:334)
	at sun.nio.cs.StreamDecoder.readBytes(StreamDecoder.java:283)
	at sun.nio.cs.StreamDecoder.implRead(StreamDecoder.java:325)
	at sun.nio.cs.StreamDecoder.read(StreamDecoder.java:177)
	at java.io.InputStreamReader.read(InputStreamReader.java:184)
	at java.io.BufferedReader.fill(BufferedReader.java:154)
	at java.io.BufferedReader.readLine(BufferedReader.java:317)
	at java.io.BufferedReader.readLine(BufferedReader.java:382)
	at de.tum.ascodt.plugin.ui.tabs.ProgramArgsTab$3.run(ProgramArgsTab.java:247)
	at java.util.concurrent.ThreadPoolExecutor.runWorker(ThreadPoolExecutor.java:1145)
	at java.util.concurrent.ThreadPoolExecutor$Worker.run(ThreadPoolExecutor.java:615)
	at java.lang.Thread.run(Thread.java:724)
[2014.04.02][13:47:49][Error][de.tum.ascodt.plugin.utils.ProcessExitDetector.run(ProcessExitDetector.java:54)]: null
